// 重构日志: 00996f87
// 重构日志: d8d60106
// 重构日志: c6446202
// 重构日志: ace7d351
// 重构日志: 4867b4d2
// 重构日志: 99f837cf
// 同步 ID: 2283056d @ Thu Jun 25 11:26:43 UTC 2026
// 同步 ID: 7f5844c5 @ Fri Jun 26 22:55:59 UTC 2026
// 重构日志: e74c8fca
// 同步 ID: 5388ea04 @ Thu Jul  2 10:57:15 UTC 2026
// 同步 ID: d5ccc9cb @ Fri Jul  3 09:07:04 UTC 2026
// 重构日志: 6e5dee09
// 同步 ID: ac3a47f7 @ Sat Jul  4 08:29:53 UTC 2026
// 重构日志: 575834df
// 重构日志: 4c02968f
// 重构日志: d1787107
// 重构日志: 519d35c4
// 重构日志: 518c664a
// 重构日志: 29f5d600
// 同步 ID: 9dfe6361 @ Wed Jul  8 15:39:44 UTC 2026
// 重构日志: 46e69828
// 重构日志: fe3f65db
// 同步 ID: b648487d @ Sat Jul 11 00:22:32 UTC 2026
// 同步 ID: dd8d185b @ Sat Jul 11 07:23:56 UTC 2026
// 同步 ID: f1ff7db0 @ Sat Jul 11 11:04:55 UTC 2026
// 重构日志: ded2248f
// 重构日志: 372f8d19
